# JRE version: Java(TM) SE Runtime Environment (8.0_202-b08) (build 1.8.0_202-b08)
# Java VM: Java HotSpot(TM) 64-Bit Server VM (25.202-b08 mixed mode windows-amd64 compressed oops)
Heap:
 PSYoungGen      total 137728K, used 74573K [0x00000000d5580000, 0x00000000e3180000, 0x0000000100000000)
  eden space 125952K, 51% used [0x00000000d5580000,0x00000000d94ef660,0x00000000dd080000)
  from space 11776K, 81% used [0x00000000dd080000,0x00000000dd9e4108,0x00000000ddc00000)
  to   space 12288K, 0% used [0x00000000e2580000,0x00000000e2580000,0x00000000e3180000)
 ParOldGen       total 58368K, used 9938K [0x0000000080000000, 0x0000000083900000, 0x00000000d5580000)
  object space 58368K, 17% used [0x0000000080000000,0x00000000809b4838,0x0000000083900000)
 Metaspace       used 32429K, capacity 33992K, committed 34176K, reserved 1079296K
  class space    used 4880K, capacity 5190K, committed 5248K, reserved 1048576K
GC Heap History (10 events):
Event: 2.116 GC heap before
{Heap before GC invocations=4 (full 0):
 PSYoungGen      total 36864K, used 36430K [0x00000000d5580000, 0x00000000d9d80000, 0x0000000100000000)
  eden space 31744K, 100% used [0x00000000d5580000,0x00000000d7480000,0x00000000d7480000)
  from space 5120K, 91% used [0x00000000d7480000,0x00000000d7913820,0x00000000d7980000)
  to   space 5120K, 0% used [0x00000000d9880000,0x00000000d9880000,0x00000000d9d80000)
 ParOldGen       total 84992K, used 32K [0x0000000080000000, 0x0000000085300000, 0x00000000d5580000)
  object space 84992K, 0% used [0x0000000080000000,0x0000000080008000,0x0000000085300000)
 Metaspace       used 12372K, capacity 12734K, committed 12800K, reserved 1060864K
  class space    used 1661K, capacity 1771K, committed 1792K, reserved 1048576K
Event: 2.123 GC heap after
Heap after GC invocations=4 (full 0):
 PSYoungGen      total 68608K, used 5092K [0x00000000d5580000, 0x00000000d9d80000, 0x0000000100000000)
  eden space 63488K, 0% used [0x00000000d5580000,0x00000000d5580000,0x00000000d9380000)
  from space 5120K, 99% used [0x00000000d9880000,0x00000000d9d79398,0x00000000d9d80000)
  to   space 5120K, 0% used [0x00000000d9380000,0x00000000d9380000,0x00000000d9880000)
 ParOldGen       total 84992K, used 1620K [0x0000000080000000, 0x0000000085300000, 0x00000000d5580000)
  object space 84992K, 1% used [0x0000000080000000,0x00000000801951d0,0x0000000085300000)
 Metaspace       used 12372K, capacity 12734K, committed 12800K, reserved 1060864K
  class space    used 1661K, capacity 1771K, committed 1792K, reserved 1048576K
}
Event: 2.999 GC heap before
{Heap before GC invocations=5 (full 0):
 PSYoungGen      total 68608K, used 68580K [0x00000000d5580000, 0x00000000d9d80000, 0x0000000100000000)
  eden space 63488K, 100% used [0x00000000d5580000,0x00000000d9380000,0x00000000d9380000)
  from space 5120K, 99% used [0x00000000d9880000,0x00000000d9d79398,0x00000000d9d80000)
  to   space 5120K, 0% used [0x00000000d9380000,0x00000000d9380000,0x00000000d9880000)
 ParOldGen       total 84992K, used 1620K [0x0000000080000000, 0x0000000085300000, 0x00000000d5580000)
  object space 84992K, 1% used [0x0000000080000000,0x00000000801951d0,0x0000000085300000)
 Metaspace       used 17828K, capacity 18628K, committed 18944K, reserved 1064960K
  class space    used 2507K, capacity 2732K, committed 2816K, reserved 1048576K
Event: 3.063 GC heap after
Heap after GC invocations=5 (full 0):
 PSYoungGen      total 68608K, used 5092K [0x00000000d5580000, 0x00000000de680000, 0x0000000100000000)
  eden space 63488K, 0% used [0x00000000d5580000,0x00000000d5580000,0x00000000d9380000)
  from space 5120K, 99% used [0x00000000d9380000,0x00000000d9879398,0x00000000d9880000)
  to   space 10752K, 0% used [0x00000000ddc00000,0x00000000ddc00000,0x00000000de680000)
 ParOldGen       total 84992K, used 7139K [0x0000000080000000, 0x0000000085300000, 0x00000000d5580000)
  object space 84992K, 8% used [0x0000000080000000,0x00000000806f8e30,0x0000000085300000)
 Metaspace       used 17828K, capacity 18628K, committed 18944K, reserved 1064960K
  class space    used 2507K, capacity 2732K, committed 2816K, reserved 1048576K
}
Event: 3.745 GC heap before
{Heap before GC invocations=6 (full 0):
 PSYoungGen      total 68608K, used 59853K [0x00000000d5580000, 0x00000000de680000, 0x0000000100000000)
  eden space 63488K, 86% used [0x00000000d5580000,0x00000000d8afa270,0x00000000d9380000)
  from space 5120K, 99% used [0x00000000d9380000,0x00000000d9879398,0x00000000d9880000)
  to   space 10752K, 0% used [0x00000000ddc00000,0x00000000ddc00000,0x00000000de680000)
 ParOldGen       total 84992K, used 7139K [0x0000000080000000, 0x0000000085300000, 0x00000000d5580000)
  object space 84992K, 8% used [0x0000000080000000,0x00000000806f8e30,0x0000000085300000)
 Metaspace       used 20464K, capacity 21286K, committed 21296K, reserved 1067008K
  class space    used 2977K, capacity 3193K, committed 3200K, reserved 1048576K
Event: 3.757 GC heap after
Heap after GC invocations=6 (full 0):
 PSYoungGen      total 136704K, used 9130K [0x00000000d5580000, 0x00000000de880000, 0x0000000100000000)
  eden space 125952K, 0% used [0x00000000d5580000,0x00000000d5580000,0x00000000dd080000)
  from space 10752K, 84% used [0x00000000ddc00000,0x00000000de4eaaa8,0x00000000de680000)
  to   space 11776K, 0% used [0x00000000dd080000,0x00000000dd080000,0x00000000ddc00000)
 ParOldGen       total 84992K, used 7147K [0x0000000080000000, 0x0000000085300000, 0x00000000d5580000)
  object space 84992K, 8% used [0x0000000080000000,0x00000000806fae30,0x0000000085300000)
 Metaspace       used 20464K, capacity 21286K, committed 21296K, reserved 1067008K
  class space    used 2977K, capacity 3193K, committed 3200K, reserved 1048576K
}
Event: 3.757 GC heap before
{Heap before GC invocations=7 (full 1):
 PSYoungGen      total 136704K, used 9130K [0x00000000d5580000, 0x00000000de880000, 0x0000000100000000)
  eden space 125952K, 0% used [0x00000000d5580000,0x00000000d5580000,0x00000000dd080000)
  from space 10752K, 84% used [0x00000000ddc00000,0x00000000de4eaaa8,0x00000000de680000)
  to   space 11776K, 0% used [0x00000000dd080000,0x00000000dd080000,0x00000000ddc00000)
 ParOldGen       total 84992K, used 7147K [0x0000000080000000, 0x0000000085300000, 0x00000000d5580000)
  object space 84992K, 8% used [0x0000000080000000,0x00000000806fae30,0x0000000085300000)
 Metaspace       used 20464K, capacity 21286K, committed 21296K, reserved 1067008K
  class space    used 2977K, capacity 3193K, committed 3200K, reserved 1048576K
Event: 3.807 GC heap after
Heap after GC invocations=7 (full 1):
 PSYoungGen      total 136704K, used 0K [0x00000000d5580000, 0x00000000de880000, 0x0000000100000000)
  eden space 125952K, 0% used [0x00000000d5580000,0x00000000d5580000,0x00000000dd080000)
  from space 10752K, 0% used [0x00000000ddc00000,0x00000000ddc00000,0x00000000de680000)
  to   space 11776K, 0% used [0x00000000dd080000,0x00000000dd080000,0x00000000ddc00000)
 ParOldGen       total 58368K, used 9930K [0x0000000080000000, 0x0000000083900000, 0x00000000d5580000)
  object space 58368K, 17% used [0x0000000080000000,0x00000000809b2838,0x0000000083900000)
 Metaspace       used 20464K, capacity 21286K, committed 21296K, reserved 1067008K
  class space    used 2977K, capacity 3193K, committed 3200K, reserved 1048576K
}
Event: 5.456 GC heap before
{Heap before GC invocations=8 (full 1):
 PSYoungGen      total 136704K, used 125952K [0x00000000d5580000, 0x00000000de880000, 0x0000000100000000)
  eden space 125952K, 100% used [0x00000000d5580000,0x00000000dd080000,0x00000000dd080000)
  from space 10752K, 0% used [0x00000000ddc00000,0x00000000ddc00000,0x00000000de680000)
  to   space 11776K, 0% used [0x00000000dd080000,0x00000000dd080000,0x00000000ddc00000)
 ParOldGen       total 58368K, used 9930K [0x0000000080000000, 0x0000000083900000, 0x00000000d5580000)
  object space 58368K, 17% used [0x0000000080000000,0x00000000809b2838,0x0000000083900000)
 Metaspace       used 27270K, capacity 28658K, committed 28800K, reserved 1073152K
  class space    used 4085K, capacity 4375K, committed 4480K, reserved 1048576K
Event: 5.471 GC heap after
Heap after GC invocations=8 (full 1):
 PSYoungGen      total 137728K, used 9616K [0x00000000d5580000, 0x00000000e3180000, 0x0000000100000000)
  eden space 125952K, 0% used [0x00000000d5580000,0x00000000d5580000,0x00000000dd080000)
  from space 11776K, 81% used [0x00000000dd080000,0x00000000dd9e4108,0x00000000ddc00000)
  to   space 12288K, 0% used [0x00000000e2580000,0x00000000e2580000,0x00000000e3180000)
 ParOldGen       total 58368K, used 9938K [0x0000000080000000, 0x0000000083900000, 0x00000000d5580000)
  object space 58368K, 17% used [0x0000000080000000,0x00000000809b4838,0x0000000083900000)
 Metaspace       used 27270K, capacity 28658K, committed 28800K, reserved 1073152K
  class space    used 4085K, capacity 4375K, committed 4480K, reserved 1048576K
}

