# JRE version: Java(TM) SE Runtime Environment (8.0_202-b08) (build 1.8.0_202-b08)
# Java VM: Java HotSpot(TM) 64-Bit Server VM (25.202-b08 mixed mode windows-amd64 compressed oops)
Heap:
 PSYoungGen      total 134144K, used 6448K [0x00000000d5580000, 0x00000000e2e00000, 0x0000000100000000)
  eden space 123392K, 5% used [0x00000000d5580000,0x00000000d5bcc028,0x00000000dce00000)
  from space 10752K, 0% used [0x00000000ddc00000,0x00000000ddc00000,0x00000000de680000)
  to   space 14336K, 0% used [0x00000000dce00000,0x00000000dce00000,0x00000000ddc00000)
 ParOldGen       total 94208K, used 18384K [0x0000000080000000, 0x0000000085c00000, 0x00000000d5580000)
  object space 94208K, 19% used [0x0000000080000000,0x00000000811f4138,0x0000000085c00000)
 Metaspace       used 33836K, capacity 35776K, committed 36096K, reserved 1079296K
  class space    used 5120K, capacity 5512K, committed 5632K, reserved 1048576K
GC Heap History (10 events):
Event: 3.791 GC heap before
{Heap before GC invocations=6 (full 0):
 PSYoungGen      total 68608K, used 53785K [0x00000000d5580000, 0x00000000de680000, 0x0000000100000000)
  eden space 63488K, 76% used [0x00000000d5580000,0x00000000d850a7a0,0x00000000d9380000)
  from space 5120K, 99% used [0x00000000d9380000,0x00000000d987c010,0x00000000d9880000)
  to   space 10752K, 0% used [0x00000000ddc00000,0x00000000ddc00000,0x00000000de680000)
 ParOldGen       total 84992K, used 7201K [0x0000000080000000, 0x0000000085300000, 0x00000000d5580000)
  object space 84992K, 8% used [0x0000000080000000,0x00000000807084a8,0x0000000085300000)
 Metaspace       used 20393K, capacity 21246K, committed 21296K, reserved 1067008K
  class space    used 2962K, capacity 3173K, committed 3200K, reserved 1048576K
Event: 3.798 GC heap after
Heap after GC invocations=6 (full 0):
 PSYoungGen      total 137216K, used 8645K [0x00000000d5580000, 0x00000000de780000, 0x0000000100000000)
  eden space 126464K, 0% used [0x00000000d5580000,0x00000000d5580000,0x00000000dd100000)
  from space 10752K, 80% used [0x00000000ddc00000,0x00000000de4714e0,0x00000000de680000)
  to   space 11264K, 0% used [0x00000000dd100000,0x00000000dd100000,0x00000000ddc00000)
 ParOldGen       total 84992K, used 7209K [0x0000000080000000, 0x0000000085300000, 0x00000000d5580000)
  object space 84992K, 8% used [0x0000000080000000,0x000000008070a4a8,0x0000000085300000)
 Metaspace       used 20393K, capacity 21246K, committed 21296K, reserved 1067008K
  class space    used 2962K, capacity 3173K, committed 3200K, reserved 1048576K
}
Event: 3.798 GC heap before
{Heap before GC invocations=7 (full 1):
 PSYoungGen      total 137216K, used 8645K [0x00000000d5580000, 0x00000000de780000, 0x0000000100000000)
  eden space 126464K, 0% used [0x00000000d5580000,0x00000000d5580000,0x00000000dd100000)
  from space 10752K, 80% used [0x00000000ddc00000,0x00000000de4714e0,0x00000000de680000)
  to   space 11264K, 0% used [0x00000000dd100000,0x00000000dd100000,0x00000000ddc00000)
 ParOldGen       total 84992K, used 7209K [0x0000000080000000, 0x0000000085300000, 0x00000000d5580000)
  object space 84992K, 8% used [0x0000000080000000,0x000000008070a4a8,0x0000000085300000)
 Metaspace       used 20393K, capacity 21246K, committed 21296K, reserved 1067008K
  class space    used 2962K, capacity 3173K, committed 3200K, reserved 1048576K
Event: 3.839 GC heap after
Heap after GC invocations=7 (full 1):
 PSYoungGen      total 137216K, used 0K [0x00000000d5580000, 0x00000000de780000, 0x0000000100000000)
  eden space 126464K, 0% used [0x00000000d5580000,0x00000000d5580000,0x00000000dd100000)
  from space 10752K, 0% used [0x00000000ddc00000,0x00000000ddc00000,0x00000000de680000)
  to   space 11264K, 0% used [0x00000000dd100000,0x00000000dd100000,0x00000000ddc00000)
 ParOldGen       total 59904K, used 9633K [0x0000000080000000, 0x0000000083a80000, 0x00000000d5580000)
  object space 59904K, 16% used [0x0000000080000000,0x00000000809686f0,0x0000000083a80000)
 Metaspace       used 20393K, capacity 21246K, committed 21296K, reserved 1067008K
  class space    used 2962K, capacity 3173K, committed 3200K, reserved 1048576K
}
Event: 5.262 GC heap before
{Heap before GC invocations=8 (full 1):
 PSYoungGen      total 137216K, used 126464K [0x00000000d5580000, 0x00000000de780000, 0x0000000100000000)
  eden space 126464K, 100% used [0x00000000d5580000,0x00000000dd100000,0x00000000dd100000)
  from space 10752K, 0% used [0x00000000ddc00000,0x00000000ddc00000,0x00000000de680000)
  to   space 11264K, 0% used [0x00000000dd100000,0x00000000dd100000,0x00000000ddc00000)
 ParOldGen       total 59904K, used 9633K [0x0000000080000000, 0x0000000083a80000, 0x00000000d5580000)
  object space 59904K, 16% used [0x0000000080000000,0x00000000809686f0,0x0000000083a80000)
 Metaspace       used 27171K, capacity 28820K, committed 29056K, reserved 1073152K
  class space    used 4051K, capacity 4400K, committed 4480K, reserved 1048576K
Event: 5.272 GC heap after
Heap after GC invocations=8 (full 1):
 PSYoungGen      total 137728K, used 10679K [0x00000000d5580000, 0x00000000de780000, 0x0000000100000000)
  eden space 126464K, 0% used [0x00000000d5580000,0x00000000d5580000,0x00000000dd100000)
  from space 11264K, 94% used [0x00000000dd100000,0x00000000ddb6df20,0x00000000ddc00000)
  to   space 10752K, 0% used [0x00000000ddc00000,0x00000000ddc00000,0x00000000de680000)
 ParOldGen       total 59904K, used 9641K [0x0000000080000000, 0x0000000083a80000, 0x00000000d5580000)
  object space 59904K, 16% used [0x0000000080000000,0x000000008096a6f0,0x0000000083a80000)
 Metaspace       used 27171K, capacity 28820K, committed 29056K, reserved 1073152K
  class space    used 4051K, capacity 4400K, committed 4480K, reserved 1048576K
}
Event: 6.043 GC heap before
{Heap before GC invocations=9 (full 1):
 PSYoungGen      total 137728K, used 80709K [0x00000000d5580000, 0x00000000de780000, 0x0000000100000000)
  eden space 126464K, 55% used [0x00000000d5580000,0x00000000d99e3688,0x00000000dd100000)
  from space 11264K, 94% used [0x00000000dd100000,0x00000000ddb6df20,0x00000000ddc00000)
  to   space 10752K, 0% used [0x00000000ddc00000,0x00000000ddc00000,0x00000000de680000)
 ParOldGen       total 59904K, used 9641K [0x0000000080000000, 0x0000000083a80000, 0x00000000d5580000)
  object space 59904K, 16% used [0x0000000080000000,0x000000008096a6f0,0x0000000083a80000)
 Metaspace       used 33448K, capacity 35368K, committed 35456K, reserved 1079296K
  class space    used 5051K, capacity 5460K, committed 5504K, reserved 1048576K
Event: 6.052 GC heap after
Heap after GC invocations=9 (full 1):
 PSYoungGen      total 134144K, used 10750K [0x00000000d5580000, 0x00000000e2e00000, 0x0000000100000000)
  eden space 123392K, 0% used [0x00000000d5580000,0x00000000d5580000,0x00000000dce00000)
  from space 10752K, 99% used [0x00000000ddc00000,0x00000000de67f990,0x00000000de680000)
  to   space 14336K, 0% used [0x00000000dce00000,0x00000000dce00000,0x00000000ddc00000)
 ParOldGen       total 59904K, used 10607K [0x0000000080000000, 0x0000000083a80000, 0x00000000d5580000)
  object space 59904K, 17% used [0x0000000080000000,0x0000000080a5bc98,0x0000000083a80000)
 Metaspace       used 33448K, capacity 35368K, committed 35456K, reserved 1079296K
  class space    used 5051K, capacity 5460K, committed 5504K, reserved 1048576K
}
Event: 6.052 GC heap before
{Heap before GC invocations=10 (full 2):
 PSYoungGen      total 134144K, used 10750K [0x00000000d5580000, 0x00000000e2e00000, 0x0000000100000000)
  eden space 123392K, 0% used [0x00000000d5580000,0x00000000d5580000,0x00000000dce00000)
  from space 10752K, 99% used [0x00000000ddc00000,0x00000000de67f990,0x00000000de680000)
  to   space 14336K, 0% used [0x00000000dce00000,0x00000000dce00000,0x00000000ddc00000)
 ParOldGen       total 59904K, used 10607K [0x0000000080000000, 0x0000000083a80000, 0x00000000d5580000)
  object space 59904K, 17% used [0x0000000080000000,0x0000000080a5bc98,0x0000000083a80000)
 Metaspace       used 33448K, capacity 35368K, committed 35456K, reserved 1079296K
  class space    used 5051K, capacity 5460K, committed 5504K, reserved 1048576K
Event: 6.096 GC heap after
Heap after GC invocations=10 (full 2):
 PSYoungGen      total 134144K, used 0K [0x00000000d5580000, 0x00000000e2e00000, 0x0000000100000000)
  eden space 123392K, 0% used [0x00000000d5580000,0x00000000d5580000,0x00000000dce00000)
  from space 10752K, 0% used [0x00000000ddc00000,0x00000000ddc00000,0x00000000de680000)
  to   space 14336K, 0% used [0x00000000dce00000,0x00000000dce00000,0x00000000ddc00000)
 ParOldGen       total 94208K, used 18384K [0x0000000080000000, 0x0000000085c00000, 0x00000000d5580000)
  object space 94208K, 19% used [0x0000000080000000,0x00000000811f4138,0x0000000085c00000)
 Metaspace       used 33432K, capacity 35328K, committed 35456K, reserved 1079296K
  class space    used 5044K, capacity 5448K, committed 5504K, reserved 1048576K
}

